Build started 4/20/2011 6:51:35 PM.
     1>Project "C:\work\VisualSPH\VisualSPH\Render11\Render11_2010.vcxproj" on node 2 (rebuild target(s)).
     1>_PrepareForClean:
         Deleting file "Debug\Render11.lastbuildstate".
       InitializeBuildStatus:
         Creating "Debug\Render11.unsuccessfulbuild" because "AlwaysCreate" was specified.
       ClCompile:
         c:\Program Files (x86)\Microsoft Visual Studio 10.0\VC\bin\CL.exe /c /IDXUT\Core /IDXUT\Optional /ZI /nologo /W4 /WX- /Od /Oi /Oy- /D WIN32 /D _DEBUG /D DEBUG /D PROFILE /D _WINDOWS /D D3DXFX_LARGEADDRESS_HANDLE /D _UNICODE /D UNICODE /Gm- /EHsc /RTC1 /MDd /GS /arch:SSE2 /fp:fast /Zc:wchar_t /Zc:forScope /openmp- /Yc"DXUT.h" /Fp"Debug\Render11.pch" /Fo"Debug\\" /Fd"Debug\vc100.pdb" /Gd /TP /analyze- /errorReport:prompt DXUT\Core\DXUT.cpp  
         DXUT.cpp
         c:\Program Files (x86)\Microsoft Visual Studio 10.0\VC\bin\CL.exe /c /IDXUT\Core /IDXUT\Optional /ZI /nologo /W4 /WX- /Od /Oi /Oy- /D WIN32 /D _DEBUG /D DEBUG /D PROFILE /D _WINDOWS /D D3DXFX_LARGEADDRESS_HANDLE /D _UNICODE /D UNICODE /Gm- /EHsc /RTC1 /MDd /GS /arch:SSE2 /fp:fast /Zc:wchar_t /Zc:forScope /openmp- /Yu"DXUT.h" /Fp"Debug\Render11.pch" /Fo"Debug\\" /Fd"Debug\vc100.pdb" /Gd /TP /analyze- /errorReport:prompt Axis.cpp Settings.cpp DenseField.cpp DXUT\Core\DXUTDevice11.cpp DXUT\Core\DXUTDevice9.cpp DXUT\Core\DXUTmisc.cpp DXUT\Optional\DXUTcamera.cpp DXUT\Optional\DXUTgui.cpp DXUT\Optional\DXUTres.cpp DXUT\Optional\DXUTsettingsdlg.cpp DXUT\Optional\SDKmesh.cpp DXUT\Optional\SDKmisc.cpp gMetaballs.cpp GObject.cpp gParticlesRender.cpp gQuad.cpp ParticlesContainer.cpp Render11.cpp  
         Axis.cpp
         Settings.cpp
         DenseField.cpp
         DXUTDevice11.cpp
         DXUTDevice9.cpp
         DXUTmisc.cpp
         DXUTcamera.cpp
         DXUTgui.cpp
         DXUTres.cpp
         DXUTsettingsdlg.cpp
         SDKmesh.cpp
         SDKmisc.cpp
         gMetaballs.cpp
     1>c:\work\visualsph\visualsph\render11\gmetaballs.h(70): warning C4512: 'CalcField' : assignment operator could not be generated
                 c:\work\visualsph\visualsph\render11\gmetaballs.h(17) : see declaration of 'CalcField'
         GObject.cpp
         gParticlesRender.cpp
         gQuad.cpp
         ParticlesContainer.cpp
     1>c:\work\visualsph\visualsph\render11\particlescontainer.h(39): warning C4512: 'ParticlesContainer' : assignment operator could not be generated
                 c:\work\visualsph\visualsph\render11\particlescontainer.h(13) : see declaration of 'ParticlesContainer'
         Render11.cpp
     1>c:\work\visualsph\visualsph\render11\gmetaballs.h(70): warning C4512: 'CalcField' : assignment operator could not be generated
                 c:\work\visualsph\visualsph\render11\gmetaballs.h(17) : see declaration of 'CalcField'
     1>c:\work\visualsph\visualsph\render11\particlescontainer.h(39): warning C4512: 'ParticlesContainer' : assignment operator could not be generated
                 c:\work\visualsph\visualsph\render11\particlescontainer.h(13) : see declaration of 'ParticlesContainer'
     1>c:\work\visualsph\visualsph\render11\render11.cpp(243): warning C4239: nonstandard extension used : 'argument' : conversion from 'D3DXMATRIX' to 'D3DXMATRIX &'
                 A non-const reference may only be bound to an lvalue
     1>c:\work\visualsph\visualsph\render11\render11.cpp(248): warning C4239: nonstandard extension used : 'argument' : conversion from 'D3DXMATRIX' to 'D3DXMATRIX &'
                 A non-const reference may only be bound to an lvalue
         Generating Code...
       ResourceCompile:
         c:\Program Files (x86)\Microsoft SDKs\Windows\v7.0A\bin\rc.exe /D _UNICODE /D UNICODE /l"0x0409" /nologo /fo"Debug\Render11.res" Render11.rc 
       ManifestResourceCompile:
         c:\Program Files (x86)\Microsoft SDKs\Windows\v7.0A\bin\rc.exe /nologo /fo"Debug\Render11.exe.embed.manifest.res" Debug\Render11_manifest.rc 
       Link:
         c:\Program Files (x86)\Microsoft Visual Studio 10.0\VC\bin\link.exe /ERRORREPORT:PROMPT /OUT:"C:\work\VisualSPH\VisualSPH\Debug\Render11.exe" /INCREMENTAL /NOLOGO d3dcompiler.lib d3dx11d.lib d3dx9d.lib dxerr.lib dxguid.lib winmm.lib comctl32.lib kernel32.lib user32.lib gdi32.lib winspool.lib comdlg32.lib advapi32.lib shell32.lib ole32.lib oleaut32.lib uuid.lib odbc32.lib odbccp32.lib /MANIFEST /ManifestFile:"Debug\Render11.exe.intermediate.manifest" /MANIFESTUAC:"level='asInvoker' uiAccess='false'" /DEBUG /PDB:"C:\work\VisualSPH\VisualSPH\Debug\Render11.pdb" /SUBSYSTEM:WINDOWS /LARGEADDRESSAWARE /TLBID:1 /DYNAMICBASE /NXCOMPAT /IMPLIB:"C:\work\VisualSPH\VisualSPH\Debug\Render11.lib" /MACHINE:X86 Debug\Render11.res
         Debug\Render11.exe.embed.manifest.res
         Debug\Axis.obj
         Debug\Settings.obj
         Debug\DenseField.obj
         Debug\DXUT.obj
         Debug\DXUTDevice11.obj
         Debug\DXUTDevice9.obj
         Debug\DXUTmisc.obj
         Debug\DXUTcamera.obj
         Debug\DXUTgui.obj
         Debug\DXUTres.obj
         Debug\DXUTsettingsdlg.obj
         Debug\SDKmesh.obj
         Debug\SDKmisc.obj
         Debug\gMetaballs.obj
         Debug\GObject.obj
         Debug\gParticlesRender.obj
         Debug\gQuad.obj
         Debug\ParticlesContainer.obj
         Debug\Render11.obj  
       Manifest:
         Deleting file "Debug\Render11.exe.embed.manifest".
         c:\Program Files (x86)\Microsoft SDKs\Windows\v7.0A\bin\mt.exe /nologo /verbose /out:"Debug\Render11.exe.embed.manifest" /manifest Debug\Render11.exe.intermediate.manifest "c:\Program Files (x86)\Microsoft Visual Studio 10.0\VC\Include\Manifest\dpiaware.manifest"
         c:\Program Files (x86)\Microsoft SDKs\Windows\v7.0A\bin\rc.exe /nologo /fo"Debug\Render11.exe.embed.manifest.res" Debug\Render11_manifest.rc 
       LinkEmbedManifest:
         c:\Program Files (x86)\Microsoft Visual Studio 10.0\VC\bin\link.exe /ERRORREPORT:PROMPT /OUT:"C:\work\VisualSPH\VisualSPH\Debug\Render11.exe" /INCREMENTAL /NOLOGO d3dcompiler.lib d3dx11d.lib d3dx9d.lib dxerr.lib dxguid.lib winmm.lib comctl32.lib kernel32.lib user32.lib gdi32.lib winspool.lib comdlg32.lib advapi32.lib shell32.lib ole32.lib oleaut32.lib uuid.lib odbc32.lib odbccp32.lib /MANIFEST /ManifestFile:"Debug\Render11.exe.intermediate.manifest" /MANIFESTUAC:"level='asInvoker' uiAccess='false'" /DEBUG /PDB:"C:\work\VisualSPH\VisualSPH\Debug\Render11.pdb" /SUBSYSTEM:WINDOWS /LARGEADDRESSAWARE /TLBID:1 /DYNAMICBASE /NXCOMPAT /IMPLIB:"C:\work\VisualSPH\VisualSPH\Debug\Render11.lib" /MACHINE:X86 Debug\Render11.res
         Debug\Render11.exe.embed.manifest.res
         Debug\Axis.obj
         Debug\Settings.obj
         Debug\DenseField.obj
         Debug\DXUT.obj
         Debug\DXUTDevice11.obj
         Debug\DXUTDevice9.obj
         Debug\DXUTmisc.obj
         Debug\DXUTcamera.obj
         Debug\DXUTgui.obj
         Debug\DXUTres.obj
         Debug\DXUTsettingsdlg.obj
         Debug\SDKmesh.obj
         Debug\SDKmisc.obj
         Debug\gMetaballs.obj
         Debug\GObject.obj
         Debug\gParticlesRender.obj
         Debug\gQuad.obj
         Debug\ParticlesContainer.obj
         Debug\Render11.obj  
         Render11_2010.vcxproj -> C:\work\VisualSPH\VisualSPH\Debug\Render11.exe
       FinalizeBuildStatus:
         Deleting file "Debug\Render11.unsuccessfulbuild".
         Touching "Debug\Render11.lastbuildstate".
     1>Done Building Project "C:\work\VisualSPH\VisualSPH\Render11\Render11_2010.vcxproj" (rebuild target(s)).

Build succeeded.

Time Elapsed 00:00:08.61
