Build started 4/20/2011 8:49:28 PM.
     1>Project "C:\work\VisualSPH\VisualSPH\Render11\Render11_2010.vcxproj" on node 2 (build target(s)).
     1>InitializeBuildStatus:
         Creating "Debug\Render11.unsuccessfulbuild" because "AlwaysCreate" was specified.
       ClCompile:
         All outputs are up-to-date.
         c:\Program Files (x86)\Microsoft Visual Studio 10.0\VC\bin\CL.exe /c /IDXUT\Core /IDXUT\Optional /ZI /nologo /W4 /WX- /Od /Oi /Oy- /D WIN32 /D _DEBUG /D DEBUG /D PROFILE /D _WINDOWS /D D3DXFX_LARGEADDRESS_HANDLE /D _UNICODE /D UNICODE /Gm- /EHsc /RTC1 /MDd /GS /arch:SSE2 /fp:fast /Zc:wchar_t /Zc:forScope /openmp- /Yu"DXUT.h" /Fp"Debug\Render11.pch" /Fo"Debug\\" /Fd"Debug\vc100.pdb" /Gd /TP /analyze- /errorReport:prompt gMetaballs.cpp  
         gMetaballs.cpp
     1>c:\work\visualsph\visualsph\render11\gmetaballs.h(70): warning C4512: 'CalcField' : assignment operator could not be generated
                 c:\work\visualsph\visualsph\render11\gmetaballs.h(17) : see declaration of 'CalcField'
       ResourceCompile:
         All outputs are up-to-date.
       ManifestResourceCompile:
         All outputs are up-to-date.
       Link:
         c:\Program Files (x86)\Microsoft Visual Studio 10.0\VC\bin\link.exe /ERRORREPORT:PROMPT /OUT:"C:\work\VisualSPH\VisualSPH\Debug\Render11.exe" /INCREMENTAL /NOLOGO d3dcompiler.lib d3dx11d.lib d3dx9d.lib dxerr.lib dxguid.lib winmm.lib comctl32.lib kernel32.lib user32.lib gdi32.lib winspool.lib comdlg32.lib advapi32.lib shell32.lib ole32.lib oleaut32.lib uuid.lib odbc32.lib odbccp32.lib /MANIFEST /ManifestFile:"Debug\Render11.exe.intermediate.manifest" /MANIFESTUAC:"level='asInvoker' uiAccess='false'" /DEBUG /PDB:"C:\work\VisualSPH\VisualSPH\Debug\Render11.pdb" /SUBSYSTEM:WINDOWS /LARGEADDRESSAWARE /TLBID:1 /DYNAMICBASE /NXCOMPAT /IMPLIB:"C:\work\VisualSPH\VisualSPH\Debug\Render11.lib" /MACHINE:X86 Debug\Render11.res
         Debug\Render11.exe.embed.manifest.res
         Debug\Axis.obj
         Debug\Settings.obj
         Debug\DenseField.obj
         Debug\DXUT.obj
         Debug\DXUTDevice11.obj
         Debug\DXUTDevice9.obj
         Debug\DXUTmisc.obj
         Debug\DXUTcamera.obj
         Debug\DXUTgui.obj
         Debug\DXUTres.obj
         Debug\DXUTsettingsdlg.obj
         Debug\SDKmesh.obj
         Debug\SDKmisc.obj
         Debug\gMetaballs.obj
         Debug\GObject.obj
         Debug\gParticlesRender.obj
         Debug\gQuad.obj
         Debug\ParticlesContainer.obj
         Debug\Render11.obj  
       Manifest:
         c:\Program Files (x86)\Microsoft SDKs\Windows\v7.0A\bin\mt.exe /nologo /verbose /out:"Debug\Render11.exe.embed.manifest" /manifest Debug\Render11.exe.intermediate.manifest "c:\Program Files (x86)\Microsoft Visual Studio 10.0\VC\Include\Manifest\dpiaware.manifest"
         All outputs are up-to-date.
       LinkEmbedManifest:
         All outputs are up-to-date.
         Render11_2010.vcxproj -> C:\work\VisualSPH\VisualSPH\Debug\Render11.exe
       FinalizeBuildStatus:
         Deleting file "Debug\Render11.unsuccessfulbuild".
         Touching "Debug\Render11.lastbuildstate".
     1>Done Building Project "C:\work\VisualSPH\VisualSPH\Render11\Render11_2010.vcxproj" (build target(s)).

Build succeeded.

Time Elapsed 00:00:02.01
