C:\USERS\SYS_AVCTESTS\DOCUMENTS\VISUALSPH\VISUALSPH\VISUALSPH\DEBUG\RENDER11.EXE
C:\USERS\SYS_AVCTESTS\DOCUMENTS\VISUALSPH\VISUALSPH\VISUALSPH\DEBUG\RENDER11.ILK
C:\USERS\SYS_AVCTESTS\DOCUMENTS\VISUALSPH\VISUALSPH\VISUALSPH\DEBUG\RENDER11.PDB
C:\USERS\SYS_AVCTESTS\DOCUMENTS\VISUALSPH\VISUALSPH\VISUALSPH\RENDER11\DEBUG\AXIS.OBJ
C:\Users\sys_avctests\Documents\VisualSPH\VisualSPH\VisualSPH\Render11\Debug\cl.command.1.tlog
C:\Users\sys_avctests\Documents\VisualSPH\VisualSPH\VisualSPH\Render11\Debug\CL.read.1.tlog
C:\Users\sys_avctests\Documents\VisualSPH\VisualSPH\VisualSPH\Render11\Debug\CL.write.1.tlog
C:\USERS\SYS_AVCTESTS\DOCUMENTS\VISUALSPH\VISUALSPH\VISUALSPH\RENDER11\DEBUG\DENSEFIELD.OBJ
C:\USERS\SYS_AVCTESTS\DOCUMENTS\VISUALSPH\VISUALSPH\VISUALSPH\RENDER11\DEBUG\DXUT.OBJ
C:\USERS\SYS_AVCTESTS\DOCUMENTS\VISUALSPH\VISUALSPH\VISUALSPH\RENDER11\DEBUG\DXUTCAMERA.OBJ
C:\USERS\SYS_AVCTESTS\DOCUMENTS\VISUALSPH\VISUALSPH\VISUALSPH\RENDER11\DEBUG\DXUTDEVICE11.OBJ
C:\USERS\SYS_AVCTESTS\DOCUMENTS\VISUALSPH\VISUALSPH\VISUALSPH\RENDER11\DEBUG\DXUTDEVICE9.OBJ
C:\USERS\SYS_AVCTESTS\DOCUMENTS\VISUALSPH\VISUALSPH\VISUALSPH\RENDER11\DEBUG\DXUTGUI.OBJ
C:\USERS\SYS_AVCTESTS\DOCUMENTS\VISUALSPH\VISUALSPH\VISUALSPH\RENDER11\DEBUG\DXUTMISC.OBJ
C:\USERS\SYS_AVCTESTS\DOCUMENTS\VISUALSPH\VISUALSPH\VISUALSPH\RENDER11\DEBUG\DXUTRES.OBJ
C:\USERS\SYS_AVCTESTS\DOCUMENTS\VISUALSPH\VISUALSPH\VISUALSPH\RENDER11\DEBUG\DXUTSETTINGSDLG.OBJ
C:\USERS\SYS_AVCTESTS\DOCUMENTS\VISUALSPH\VISUALSPH\VISUALSPH\RENDER11\DEBUG\GLABEL.OBJ
C:\USERS\SYS_AVCTESTS\DOCUMENTS\VISUALSPH\VISUALSPH\VISUALSPH\RENDER11\DEBUG\GMETABALLS.OBJ
C:\USERS\SYS_AVCTESTS\DOCUMENTS\VISUALSPH\VISUALSPH\VISUALSPH\RENDER11\DEBUG\GOBJECT.OBJ
C:\USERS\SYS_AVCTESTS\DOCUMENTS\VISUALSPH\VISUALSPH\VISUALSPH\RENDER11\DEBUG\GPARTICLESRENDER.OBJ
C:\USERS\SYS_AVCTESTS\DOCUMENTS\VISUALSPH\VISUALSPH\VISUALSPH\RENDER11\DEBUG\GQUAD.OBJ
C:\USERS\SYS_AVCTESTS\DOCUMENTS\VISUALSPH\VISUALSPH\VISUALSPH\RENDER11\DEBUG\GRID.OBJ
C:\Users\sys_avctests\Documents\VisualSPH\VisualSPH\VisualSPH\Render11\Debug\link.3976.read.1.tlog
C:\Users\sys_avctests\Documents\VisualSPH\VisualSPH\VisualSPH\Render11\Debug\link.3976.write.1.tlog
C:\Users\sys_avctests\Documents\VisualSPH\VisualSPH\VisualSPH\Render11\Debug\link.3976-cvtres.read.1.tlog
C:\Users\sys_avctests\Documents\VisualSPH\VisualSPH\VisualSPH\Render11\Debug\link.3976-cvtres.write.1.tlog
C:\Users\sys_avctests\Documents\VisualSPH\VisualSPH\VisualSPH\Render11\Debug\link.764.read.1.tlog
C:\Users\sys_avctests\Documents\VisualSPH\VisualSPH\VisualSPH\Render11\Debug\link.764.write.1.tlog
C:\Users\sys_avctests\Documents\VisualSPH\VisualSPH\VisualSPH\Render11\Debug\link.764-cvtres.read.1.tlog
C:\Users\sys_avctests\Documents\VisualSPH\VisualSPH\VisualSPH\Render11\Debug\link.764-cvtres.write.1.tlog
C:\Users\sys_avctests\Documents\VisualSPH\VisualSPH\VisualSPH\Render11\Debug\link.command.1.tlog
C:\Users\sys_avctests\Documents\VisualSPH\VisualSPH\VisualSPH\Render11\Debug\link.read.1.tlog
C:\Users\sys_avctests\Documents\VisualSPH\VisualSPH\VisualSPH\Render11\Debug\link.write.1.tlog
C:\Users\sys_avctests\Documents\VisualSPH\VisualSPH\VisualSPH\Render11\Debug\link-cvtres.read.1.tlog
C:\Users\sys_avctests\Documents\VisualSPH\VisualSPH\VisualSPH\Render11\Debug\link-cvtres.write.1.tlog
C:\Users\sys_avctests\Documents\VisualSPH\VisualSPH\VisualSPH\Render11\Debug\mt.command.1.tlog
C:\Users\sys_avctests\Documents\VisualSPH\VisualSPH\VisualSPH\Render11\Debug\mt.read.1.tlog
C:\Users\sys_avctests\Documents\VisualSPH\VisualSPH\VisualSPH\Render11\Debug\mt.write.1.tlog
C:\USERS\SYS_AVCTESTS\DOCUMENTS\VISUALSPH\VISUALSPH\VISUALSPH\RENDER11\DEBUG\PARTICLESCONTAINER.OBJ
C:\Users\sys_avctests\Documents\VisualSPH\VisualSPH\VisualSPH\Render11\Debug\rc.command.1.tlog
C:\Users\sys_avctests\Documents\VisualSPH\VisualSPH\VisualSPH\Render11\Debug\rc.read.1.tlog
C:\Users\sys_avctests\Documents\VisualSPH\VisualSPH\VisualSPH\Render11\Debug\rc.write.1.tlog
C:\Users\sys_avctests\Documents\VisualSPH\VisualSPH\VisualSPH\Render11\Debug\Render11.exe.embed.manifest
C:\USERS\SYS_AVCTESTS\DOCUMENTS\VISUALSPH\VISUALSPH\VISUALSPH\RENDER11\DEBUG\RENDER11.EXE.EMBED.MANIFEST.RES
C:\USERS\SYS_AVCTESTS\DOCUMENTS\VISUALSPH\VISUALSPH\VISUALSPH\RENDER11\DEBUG\RENDER11.EXE.INTERMEDIATE.MANIFEST
C:\USERS\SYS_AVCTESTS\DOCUMENTS\VISUALSPH\VISUALSPH\VISUALSPH\RENDER11\DEBUG\RENDER11.OBJ
C:\USERS\SYS_AVCTESTS\DOCUMENTS\VISUALSPH\VISUALSPH\VISUALSPH\RENDER11\DEBUG\RENDER11.PCH
C:\USERS\SYS_AVCTESTS\DOCUMENTS\VISUALSPH\VISUALSPH\VISUALSPH\RENDER11\DEBUG\RENDER11.RES
C:\Users\sys_avctests\Documents\VisualSPH\VisualSPH\VisualSPH\Render11\Debug\Render11_manifest.rc
C:\USERS\SYS_AVCTESTS\DOCUMENTS\VISUALSPH\VISUALSPH\VISUALSPH\RENDER11\DEBUG\SDKMESH.OBJ
C:\USERS\SYS_AVCTESTS\DOCUMENTS\VISUALSPH\VISUALSPH\VISUALSPH\RENDER11\DEBUG\SDKMISC.OBJ
C:\USERS\SYS_AVCTESTS\DOCUMENTS\VISUALSPH\VISUALSPH\VISUALSPH\RENDER11\DEBUG\SETTINGS.OBJ
C:\USERS\SYS_AVCTESTS\DOCUMENTS\VISUALSPH\VISUALSPH\VISUALSPH\RENDER11\DEBUG\SORTERGPU.OBJ
C:\Users\sys_avctests\Documents\VisualSPH\VisualSPH\VisualSPH\Render11\Debug\vc100.idb
C:\USERS\SYS_AVCTESTS\DOCUMENTS\VISUALSPH\VISUALSPH\VISUALSPH\RENDER11\DEBUG\VC100.PDB
C:\WORK\VISUALSPH\VISUALSPH\DEBUG\RENDER11.EXE
C:\WORK\VISUALSPH\VISUALSPH\DEBUG\RENDER11.ILK
C:\WORK\VISUALSPH\VISUALSPH\DEBUG\RENDER11.PDB
C:\WORK\VISUALSPH\VISUALSPH\RENDER11\DEBUG\AXIS.OBJ
C:\WORK\VISUALSPH\VISUALSPH\RENDER11\DEBUG\DENSEFIELD.OBJ
C:\WORK\VISUALSPH\VISUALSPH\RENDER11\DEBUG\DXUT.OBJ
C:\WORK\VISUALSPH\VISUALSPH\RENDER11\DEBUG\DXUTCAMERA.OBJ
C:\WORK\VISUALSPH\VISUALSPH\RENDER11\DEBUG\DXUTDEVICE11.OBJ
C:\WORK\VISUALSPH\VISUALSPH\RENDER11\DEBUG\DXUTDEVICE9.OBJ
C:\WORK\VISUALSPH\VISUALSPH\RENDER11\DEBUG\DXUTGUI.OBJ
C:\WORK\VISUALSPH\VISUALSPH\RENDER11\DEBUG\DXUTMISC.OBJ
C:\WORK\VISUALSPH\VISUALSPH\RENDER11\DEBUG\DXUTRES.OBJ
C:\WORK\VISUALSPH\VISUALSPH\RENDER11\DEBUG\DXUTSETTINGSDLG.OBJ
C:\WORK\VISUALSPH\VISUALSPH\RENDER11\DEBUG\GMETABALLS.OBJ
C:\WORK\VISUALSPH\VISUALSPH\RENDER11\DEBUG\GOBJECT.OBJ
C:\WORK\VISUALSPH\VISUALSPH\RENDER11\DEBUG\GPARTICLESRENDER.OBJ
C:\WORK\VISUALSPH\VISUALSPH\RENDER11\DEBUG\GQUAD.OBJ
C:\WORK\VISUALSPH\VISUALSPH\RENDER11\DEBUG\PARTICLESCONTAINER.OBJ
C:\WORK\VISUALSPH\VISUALSPH\RENDER11\DEBUG\RENDER11.EXE.EMBED.MANIFEST
C:\WORK\VISUALSPH\VISUALSPH\RENDER11\DEBUG\RENDER11.EXE.EMBED.MANIFEST.RES
C:\WORK\VISUALSPH\VISUALSPH\RENDER11\DEBUG\RENDER11.EXE.INTERMEDIATE.MANIFEST
C:\WORK\VISUALSPH\VISUALSPH\RENDER11\DEBUG\RENDER11.OBJ
C:\WORK\VISUALSPH\VISUALSPH\RENDER11\DEBUG\RENDER11.PCH
C:\WORK\VISUALSPH\VISUALSPH\RENDER11\DEBUG\RENDER11.RES
C:\WORK\VISUALSPH\VISUALSPH\RENDER11\DEBUG\SDKMESH.OBJ
C:\WORK\VISUALSPH\VISUALSPH\RENDER11\DEBUG\SDKMISC.OBJ
C:\WORK\VISUALSPH\VISUALSPH\RENDER11\DEBUG\SETTINGS.OBJ
C:\WORK\VISUALSPH\VISUALSPH\RENDER11\DEBUG\VC100.PDB
